<?xml version="1.0" encoding="UTF-8"?>
<!-- Generated by org.testng.reporters.JUnitReportReporter -->
<testsuite hostname="AnKusH" name="com.tests.Test01" tests="1" failures="0" timestamp="13 Mar 2020 11:37:34 GMT" time="16.724" errors="0">
  <testcase name="titleTest" time="16.724" classname="com.tests.Test01"/>
</testsuite> <!-- com.tests.Test01 -->
