<?xml version="1.0" encoding="UTF-8"?>
<!-- Generated by org.testng.reporters.JUnitReportReporter -->
<testsuite skipped="0" hostname="AnKusH" name="com.readExcel.FacebookRegTest" tests="3" failures="0" timestamp="07 Aug 2020 07:34:25 GMT" time="60.269" errors="0">
  <testcase name="facebookRegTest" time="18.586" classname="com.readExcel.FacebookRegTest"/>
  <testcase name="facebookRegTest" time="17.954" classname="com.readExcel.FacebookRegTest"/>
  <testcase name="facebookRegTest" time="23.729" classname="com.readExcel.FacebookRegTest"/>
</testsuite> <!-- com.readExcel.FacebookRegTest -->
