<?xml version="1.0" encoding="UTF-8"?>
<!-- Generated by org.testng.reporters.JUnitReportReporter -->
<testsuite hostname="AnKusH" name="com.testCases.TC_19_HandlingBootstrapDropdown" tests="1" failures="0" timestamp="10 Jun 2020 08:43:58 GMT" time="15.021" errors="0">
  <testcase name="handleBootstrapDropdown" time="15.021" classname="com.testCases.TC_19_HandlingBootstrapDropdown"/>
</testsuite> <!-- com.testCases.TC_19_HandlingBootstrapDropdown -->
