<?xml version="1.0" encoding="UTF-8"?>
<!-- Generated by org.testng.reporters.JUnitReportReporter -->
<testsuite hostname="AnKusH" name="com.webelementmethods.Webelement_Methods" tests="1" failures="0" timestamp="19 Jun 2020 12:00:03 GMT" time="1.010" errors="0">
  <testcase name="demoWebelementMethods" time="1.010" classname="com.webelementmethods.Webelement_Methods"/>
</testsuite> <!-- com.webelementmethods.Webelement_Methods -->
