<?xml version="1.0" encoding="UTF-8"?>
<!-- Generated by org.testng.reporters.JUnitReportReporter -->
<testsuite hostname="AnKusH" name="com.testCases.TC_05_Google_Browser_Test" tests="1" failures="0" timestamp="30 Jun 2020 14:20:50 GMT" time="13.883" errors="0">
  <testcase name="googlePageTest" time="13.883" classname="com.testCases.TC_05_Google_Browser_Test"/>
</testsuite> <!-- com.testCases.TC_05_Google_Browser_Test -->
