<?xml version="1.0" encoding="UTF-8"?>
<!-- Generated by org.testng.reporters.JUnitReportReporter -->
<testsuite hostname="AnKusH" name="com.tests.Edge_Browser_Test" tests="1" failures="0" timestamp="21 May 2020 17:28:03 GMT" time="22.561" errors="0">
  <testcase name="googlePage" time="22.561" classname="com.tests.Edge_Browser_Test"/>
</testsuite> <!-- com.tests.Edge_Browser_Test -->
