<?xml version="1.0" encoding="UTF-8"?>
<!-- Generated by org.testng.reporters.JUnitReportReporter -->
<testsuite hostname="AnKusH" name="com.navigationmethods.Navigation_Methods" tests="1" failures="0" timestamp="27 Mar 2020 15:09:01 GMT" time="4.655" errors="0">
  <testcase name="demoNavigationMethods" time="4.655" classname="com.navigationmethods.Navigation_Methods"/>
</testsuite> <!-- com.navigationmethods.Navigation_Methods -->
