<?xml version="1.0" encoding="UTF-8"?>
<!-- Generated by org.testng.reporters.JUnitReportReporter -->
<testsuite hostname="AnKusH" name="com.tests.ChromeBrowserTest" tests="1" failures="0" timestamp="20 May 2020 13:10:53 GMT" time="25.240" errors="0">
  <testcase name="googlePage" time="25.240" classname="com.tests.ChromeBrowserTest"/>
</testsuite> <!-- com.tests.ChromeBrowserTest -->
