<?xml version="1.0" encoding="UTF-8"?>
<!-- Generated by org.testng.reporters.JUnitReportReporter -->
<testsuite hostname="AnKusH" name="com.switchto.AlertDemo_01" tests="1" failures="0" timestamp="3 Apr 2020 14:14:29 GMT" time="19.222" errors="0">
  <testcase name="titleTest" time="19.222" classname="com.switchto.AlertDemo_01"/>
</testsuite> <!-- com.switchto.AlertDemo_01 -->
