<?xml version="1.0" encoding="UTF-8"?>
<!-- Generated by org.testng.reporters.JUnitReportReporter -->
<testsuite hostname="AnKusH" name="com.utils.ExcelDataProvider" tests="3" failures="0" timestamp="10 Mar 2020 11:21:42 GMT" time="6.312" errors="0">
  <testcase name="myTest" time="0.840" classname="com.utils.ExcelDataProvider"/>
  <testcase name="myTest" time="0.835" classname="com.utils.ExcelDataProvider"/>
  <testcase name="myTest" time="4.637" classname="com.utils.ExcelDataProvider"/>
</testsuite> <!-- com.utils.ExcelDataProvider -->
