<?xml version="1.0" encoding="UTF-8"?>
<!-- Generated by org.testng.reporters.JUnitReportReporter -->
<testsuite hostname="AnKusH" name="com.multipleBrowsers.MBDemo01" tests="3" failures="0" timestamp="11 Mar 2020 09:19:58 GMT" time="14.132" errors="0">
  <testcase name="googleTest" time="2.451" classname="com.multipleBrowsers.MBDemo01"/>
  <testcase name="googleTest" time="8.312" classname="com.multipleBrowsers.MBDemo01"/>
  <testcase name="googleTest" time="3.369" classname="com.multipleBrowsers.MBDemo01"/>
</testsuite> <!-- com.multipleBrowsers.MBDemo01 -->
