<?xml version="1.0" encoding="UTF-8"?>
<!-- Generated by org.testng.reporters.JUnitReportReporter -->
<testsuite hostname="AnKusH" name="com.switchto.AlertDemo_2" tests="1" failures="0" timestamp="3 Apr 2020 14:37:33 GMT" time="10.495" errors="0">
  <testcase name="alert_demo" time="10.495" classname="com.switchto.AlertDemo_2"/>
</testsuite> <!-- com.switchto.AlertDemo_2 -->
