<?xml version="1.0" encoding="UTF-8"?>
<!-- Generated by org.testng.reporters.JUnitReportReporter -->
<testsuite hostname="AnKusH" name="com.multipleBrowsers.MSEdgeBrowserTest" tests="1" failures="0" timestamp="14 Jun 2020 11:43:10 GMT" time="8.677" errors="0">
  <testcase name="googlePageTest" time="8.677" classname="com.multipleBrowsers.MSEdgeBrowserTest"/>
</testsuite> <!-- com.multipleBrowsers.MSEdgeBrowserTest -->
