<?xml version="1.0" encoding="UTF-8"?>
<!-- Generated by org.testng.reporters.JUnitReportReporter -->
<testsuite hostname="AnKusH" name="com.multipleBrowsers.MultipleBrowsersDemo01" tests="3" failures="0" timestamp="30 Mar 2020 06:50:31 GMT" time="32.990" errors="0">
  <testcase name="googlePageLoadTest" time="10.842" classname="com.multipleBrowsers.MultipleBrowsersDemo01"/>
  <testcase name="googlePageLoadTest" time="10.552" classname="com.multipleBrowsers.MultipleBrowsersDemo01"/>
  <testcase name="googlePageLoadTest" time="11.596" classname="com.multipleBrowsers.MultipleBrowsersDemo01"/>
</testsuite> <!-- com.multipleBrowsers.MultipleBrowsersDemo01 -->
