<?xml version="1.0" encoding="UTF-8"?>
<!-- Generated by org.testng.reporters.JUnitReportReporter -->
<testsuite hostname="AnKusH" name="com.tests.Redbus_Login_Test" tests="1" failures="0" timestamp="14 May 2020 11:05:45 GMT" time="17.708" errors="0">
  <testcase name="login" time="17.708" classname="com.tests.Redbus_Login_Test"/>
</testsuite> <!-- com.tests.Redbus_Login_Test -->
