<?xml version="1.0" encoding="UTF-8"?>
<!-- Generated by org.testng.reporters.JUnitReportReporter -->
<testsuite hostname="AnKusH" name="com.waitmethods.ExplicitWait" tests="1" failures="0" timestamp="4 Jun 2020 11:55:50 GMT" time="14.852" errors="0">
  <testcase name="demoWait" time="14.852" classname="com.waitmethods.ExplicitWait"/>
</testsuite> <!-- com.waitmethods.ExplicitWait -->
