<?xml version="1.0" encoding="UTF-8"?>
<!-- Generated by org.testng.reporters.JUnitReportReporter -->
<testsuite hostname="AnKusH" name="com.testCases.TC_03_Edge_Browser_Test" tests="1" failures="0" timestamp="30 Jun 2020 14:17:05 GMT" time="6.365" errors="0">
  <testcase name="googlePage" time="6.365" classname="com.testCases.TC_03_Edge_Browser_Test"/>
</testsuite> <!-- com.testCases.TC_03_Edge_Browser_Test -->
