<?xml version="1.0" encoding="UTF-8"?>
<!-- Generated by org.testng.reporters.JUnitReportReporter -->
<testsuite hostname="AnKusH" name="com.listeners.TestNGListeners" tests="3" failures="0" timestamp="11 Mar 2020 04:41:52 GMT" time="0.040" errors="0">
  <testcase name="test3" time="0.001" classname="com.listeners.TestNGListeners"/>
  <testcase name="test1" time="0.036" classname="com.listeners.TestNGListeners"/>
  <testcase name="test2" time="0.003" classname="com.listeners.TestNGListeners"/>
</testsuite> <!-- com.listeners.TestNGListeners -->
