<?xml version="1.0" encoding="UTF-8"?>
<!-- Generated by org.testng.reporters.JUnitReportReporter -->
<testsuite skipped="0" hostname="AnKusH" name="com.readExcel.ParameterizeTest" tests="1" failures="0" timestamp="07 Aug 2020 07:58:21 GMT" time="22.102" errors="0">
  <testcase name="readData" time="22.102" classname="com.readExcel.ParameterizeTest"/>
</testsuite> <!-- com.readExcel.ParameterizeTest -->
