<?xml version="1.0" encoding="UTF-8"?>
<!-- Generated by org.testng.reporters.JUnitReportReporter -->
<testsuite hostname="AnKusH" name="com.testCases.TC_21_MouseMovement_Concept" tests="1" failures="0" timestamp="13 Jun 2020 08:27:59 GMT" time="13.615" errors="0">
  <testcase name="rightClick" time="13.615" classname="com.testCases.TC_21_MouseMovement_Concept"/>
</testsuite> <!-- com.testCases.TC_21_MouseMovement_Concept -->
