<?xml version="1.0" encoding="UTF-8"?>
<!-- Generated by org.testng.reporters.JUnitReportReporter -->
<testsuite hostname="AnKusH" name="com.switchto.AlertDemo_03" tests="1" failures="0" timestamp="3 Apr 2020 15:01:37 GMT" time="18.182" errors="0">
  <testcase name="prompt_alert" time="18.182" classname="com.switchto.AlertDemo_03"/>
</testsuite> <!-- com.switchto.AlertDemo_03 -->
