<?xml version="1.0" encoding="UTF-8"?>
<!-- Generated by org.testng.reporters.JUnitReportReporter -->
<testsuite hostname="AnKusH" name="com.waitmethods.PageLoadTimeoutDemo" tests="1" failures="0" timestamp="28 Mar 2020 08:04:55 GMT" time="21.591" errors="0">
  <testcase name="demoWait" time="21.591" classname="com.waitmethods.PageLoadTimeoutDemo"/>
</testsuite> <!-- com.waitmethods.PageLoadTimeoutDemo -->
