<?xml version="1.0" encoding="UTF-8"?>
<!-- Generated by org.testng.reporters.JUnitReportReporter -->
<testsuite hostname="AnKusH" name="com.tests.GoogleTitleTest" tests="1" failures="0" timestamp="30 Mar 2020 06:55:30 GMT" time="10.550" errors="0">
  <testcase name="titleTest" time="10.550" classname="com.tests.GoogleTitleTest"/>
</testsuite> <!-- com.tests.GoogleTitleTest -->
