<?xml version="1.0" encoding="UTF-8"?>
<!-- Generated by org.testng.reporters.JUnitReportReporter -->
<testsuite hostname="AnKusH" name="com.switchto.HandleWindow_Naukri_using_Set" tests="1" failures="0" timestamp="23 Apr 2020 11:51:42 GMT" time="10.594" errors="0">
  <testcase name="login" time="10.594" classname="com.switchto.HandleWindow_Naukri_using_Set"/>
</testsuite> <!-- com.switchto.HandleWindow_Naukri_using_Set -->
