<?xml version="1.0" encoding="UTF-8"?>
<!-- Generated by org.testng.reporters.JUnitReportReporter -->
<testsuite hostname="AnKusH" name="com.testCases.TC_04_IEBrowserTest" tests="1" failures="0" timestamp="30 Jun 2020 14:19:28 GMT" time="9.212" errors="0">
  <testcase name="ieBrowserTest" time="9.212" classname="com.testCases.TC_04_IEBrowserTest"/>
</testsuite> <!-- com.testCases.TC_04_IEBrowserTest -->
