<?xml version="1.0" encoding="UTF-8"?>
<!-- Generated by org.testng.reporters.JUnitReportReporter -->
<testsuite hostname="AnKusH" name="com.switchto.Redbus_Login_Test" tests="1" failures="0" timestamp="24 Apr 2020 09:36:08 GMT" time="15.825" errors="0">
  <testcase name="login" time="15.825" classname="com.switchto.Redbus_Login_Test"/>
</testsuite> <!-- com.switchto.Redbus_Login_Test -->
