<?xml version="1.0" encoding="UTF-8"?>
<!-- Generated by org.testng.reporters.JUnitReportReporter -->
<testsuite hostname="AnKusH" name="com.testCases.TC_08_GoogleTitleTest" tests="1" failures="0" timestamp="30 Jun 2020 14:26:00 GMT" time="9.733" errors="0">
  <testcase name="titleTest" time="9.733" classname="com.testCases.TC_08_GoogleTitleTest"/>
</testsuite> <!-- com.testCases.TC_08_GoogleTitleTest -->
