<?xml version="1.0" encoding="UTF-8"?>
<!-- Generated by org.testng.reporters.JUnitReportReporter -->
<testsuite hostname="AnKusH" name="com.waitmethods.ImplicitWait" tests="1" failures="0" timestamp="28 Mar 2020 08:14:17 GMT" time="24.107" errors="0">
  <testcase name="demoWait" time="24.107" classname="com.waitmethods.ImplicitWait"/>
</testsuite> <!-- com.waitmethods.ImplicitWait -->
