<?xml version="1.0" encoding="UTF-8"?>
<!-- Generated by org.testng.reporters.JUnitReportReporter -->
<testsuite hostname="AnKusH" name="com.browsermethods.Browser_Methods" tests="1" failures="0" timestamp="23 Apr 2020 11:04:27 GMT" time="19.835" errors="0">
  <testcase name="demoBrowserMehtods" time="19.835" classname="com.browsermethods.Browser_Methods"/>
</testsuite> <!-- com.browsermethods.Browser_Methods -->
